"E:\Program Files\JetBrains\CLion 2024.3.3\bin\cmake\win\x64\bin\cmake.exe" -DCMAKE_BUILD_TYPE=Debug "-DCMAKE_MAKE_PROGRAM=E:/Program Files/JetBrains/CLion 2024.3.3/bin/ninja/win/x64/ninja.exe" -G Ninja -S E:\Code\C++\GDItest -B E:\Code\C++\GDItest\cmake-build-debug-visual-studio
-- The C compiler identification is MSVC 19.44.35219.0
-- The CXX compiler identification is MSVC 19.44.35219.0
-- Detecting C compiler ABI info
-- Detecting C compiler ABI info - failed
-- Check for working C compiler: C:/Program Files/Microsoft Visual Studio/2022/Community/VC/Tools/MSVC/14.44.35207/bin/Hostx64/x64/cl.exe
-- Check for working C compiler: C:/Program Files/Microsoft Visual Studio/2022/Community/VC/Tools/MSVC/14.44.35207/bin/Hostx64/x64/cl.exe - broken
CMake Error at E:/Program Files/JetBrains/CLion 2024.3.3/bin/cmake/win/x64/share/cmake-3.30/Modules/CMakeTestCCompiler.cmake:67 (message):
  The C compiler

    "C:/Program Files/Microsoft Visual Studio/2022/Community/VC/Tools/MSVC/14.44.35207/bin/Hostx64/x64/cl.exe"

  is not able to compile a simple test program.

  It fails with the following output:

    Change Dir: 'E:/Code/C++/GDItest/cmake-build-debug-visual-studio/CMakeFiles/CMakeScratch/TryCompile-ig9i71'
    
    Run Build Command(s): "E:/Program Files/JetBrains/CLion 2024.3.3/bin/ninja/win/x64/ninja.exe" -v cmTC_005c9
    [1/2] C:\PROGRA~1\MICROS~3\2022\COMMUN~1\VC\Tools\MSVC\1444~1.352\bin\Hostx64\x64\cl.exe  /nologo   /DWIN32 /D_WINDOWS  /Ob0 /Od /RTC1 -MDd -Zi /showIncludes /FoCMakeFiles\cmTC_005c9.dir\testCCompiler.c.obj /FdCMakeFiles\cmTC_005c9.dir\ /FS -c E:\Code\C++\GDItest\cmake-build-debug-visual-studio\CMakeFiles\CMakeScratch\TryCompile-ig9i71\testCCompiler.c
    [2/2] C:\Windows\system32\cmd.exe /C "cd . && "E:\Program Files\JetBrains\CLion 2024.3.3\bin\cmake\win\x64\bin\cmake.exe" -E vs_link_exe --intdir=CMakeFiles\cmTC_005c9.dir --rc="E:\Program Files (x86)\Windows Kits\10\bin\10.0.26100.0\x64\rc.exe" --mt="E:\Program Files (x86)\Windows Kits\10\bin\10.0.26100.0\x64\mt.exe" --manifests  -- C:\PROGRA~1\MICROS~3\2022\COMMUN~1\VC\Tools\MSVC\1444~1.352\bin\Hostx64\x64\link.exe /nologo CMakeFiles\cmTC_005c9.dir\testCCompiler.c.obj  /out:cmTC_005c9.exe /implib:cmTC_005c9.lib /pdb:cmTC_005c9.pdb /version:0.0 /machine:x64  /debug /INCREMENTAL /subsystem:console  kernel32.lib user32.lib gdi32.lib winspool.lib shell32.lib ole32.lib oleaut32.lib uuid.lib comdlg32.lib advapi32.lib && cd ."
    FAILED: cmTC_005c9.exe 
    C:\Windows\system32\cmd.exe /C "cd . && "E:\Program Files\JetBrains\CLion 2024.3.3\bin\cmake\win\x64\bin\cmake.exe" -E vs_link_exe --intdir=CMakeFiles\cmTC_005c9.dir --rc="E:\Program Files (x86)\Windows Kits\10\bin\10.0.26100.0\x64\rc.exe" --mt="E:\Program Files (x86)\Windows Kits\10\bin\10.0.26100.0\x64\mt.exe" --manifests  -- C:\PROGRA~1\MICROS~3\2022\COMMUN~1\VC\Tools\MSVC\1444~1.352\bin\Hostx64\x64\link.exe /nologo CMakeFiles\cmTC_005c9.dir\testCCompiler.c.obj  /out:cmTC_005c9.exe /implib:cmTC_005c9.lib /pdb:cmTC_005c9.pdb /version:0.0 /machine:x64  /debug /INCREMENTAL /subsystem:console  kernel32.lib user32.lib gdi32.lib winspool.lib shell32.lib ole32.lib oleaut32.lib uuid.lib comdlg32.lib advapi32.lib && cd ."
    LINK Pass 1: command "C:\PROGRA~1\MICROS~3\2022\COMMUN~1\VC\Tools\MSVC\1444~1.352\bin\Hostx64\x64\link.exe /nologo CMakeFiles\cmTC_005c9.dir\testCCompiler.c.obj /out:cmTC_005c9.exe /implib:cmTC_005c9.lib /pdb:cmTC_005c9.pdb /version:0.0 /machine:x64 /debug /INCREMENTAL /subsystem:console kernel32.lib user32.lib gdi32.lib winspool.lib shell32.lib ole32.lib oleaut32.lib uuid.lib comdlg32.lib advapi32.lib /MANIFEST /MANIFESTFILE:CMakeFiles\cmTC_005c9.dir/intermediate.manifest CMakeFiles\cmTC_005c9.dir/manifest.res" failed (exit code 1104) with the following output:
    LINK : fatal error LNK1104: 无法打开文件“gdi32.lib”
    ninja: build stopped: subcommand failed.
    
    

  

  CMake will not be able to correctly generate this project.
Call Stack (most recent call first):
  CMakeLists.txt:2 (project)


-- Configuring incomplete, errors occurred!
